<?xml version="1.0" encoding="UTF-8"?>
<!-- Generated by org.testng.reporters.JUnitReportReporter -->
<testsuite skipped="0" hostname="matiurs-MacBook-Pro.local" name="e2e.TestAllFeatures" tests="1" failures="0" timestamp="03 Aug 2020 23:26:01 GMT" time="132.972" errors="0">
  <testcase name="allFeatures" time="132.972" classname="e2e.TestAllFeatures"/>
</testsuite> <!-- e2e.TestAllFeatures -->
